{"C:\\Projects\\react-advance\\crwn-clothing\\client\\src\\App.tsx": {"path":"C:\\Projects\\react-advance\\crwn-clothing\\client\\src\\App.tsx","statementMap":{"0":{"start":{"line":1,"column":0},"end":{"line":1,"column":51}},"1":{"start":{"line":2,"column":0},"end":{"line":2,"column":49}},"2":{"start":{"line":3,"column":0},"end":{"line":3,"column":38}},"3":{"start":{"line":4,"column":0},"end":{"line":4,"column":48}},"4":{"start":{"line":5,"column":0},"end":{"line":5,"column":47}},"5":{"start":{"line":7,"column":0},"end":{"line":7,"column":19}},"6":{"start":{"line":9,"column":0},"end":{"line":9,"column":59}},"7":{"start":{"line":10,"column":0},"end":{"line":10,"column":58}},"8":{"start":{"line":13,"column":0},"end":{"line":13,"column":null}},"9":{"start":{"line":17,"column":0},"end":{"line":17,"column":70}},"10":{"start":{"line":18,"column":0},"end":{"line":18,"column":81}},"11":{"start":{"line":20,"column":17},"end":{"line":21,"column":null}},"12":{"start":{"line":21,"column":2},"end":{"line":21,"column":47}},"13":{"start":{"line":23,"column":24},"end":{"line":24,"column":null}},"14":{"start":{"line":24,"column":2},"end":{"line":24,"column":73}},"15":{"start":{"line":26,"column":21},"end":{"line":27,"column":null}},"16":{"start":{"line":27,"column":2},"end":{"line":27,"column":51}},"17":{"start":{"line":30,"column":31},"end":{"line":44,"column":1}},"18":{"start":{"line":31,"column":2},"end":{"line":43,"column":4}},"19":{"start":{"line":51,"column":13},"end":{"line":87,"column":2}},"20":{"start":{"line":52,"column":2},"end":{"line":52,"column":16}},"21":{"start":{"line":53,"column":2},"end":{"line":53,"column":19}},"22":{"start":{"line":55,"column":2},"end":{"line":57,"column":26}},"23":{"start":{"line":56,"column":4},"end":{"line":56,"column":24}},"24":{"start":{"line":59,"column":2},"end":{"line":86,"column":4}},"25":{"start":{"line":89,"column":27},"end":{"line":103,"column":1}},"26":{"start":{"line":90,"column":2},"end":{"line":102,"column":4}},"27":{"start":{"line":92,"column":6},"end":{"line":95,"column":9}},"28":{"start":{"line":98,"column":6},"end":{"line":100,"column":9}},"29":{"start":{"line":105,"column":0},"end":{"line":108,"column":7}}},"fnMap":{"0":{"name":"(anonymous_2)","decl":{"start":{"line":20,"column":28},"end":{"line":20,"column":null}},"loc":{"start":{"line":20,"column":28},"end":{"line":21,"column":9}}},"1":{"name":"(anonymous_3)","decl":{"start":{"line":21,"column":2},"end":{"line":21,"column":9}},"loc":{"start":{"line":21,"column":2},"end":{"line":21,"column":47}}},"2":{"name":"(anonymous_4)","decl":{"start":{"line":23,"column":35},"end":{"line":23,"column":null}},"loc":{"start":{"line":23,"column":35},"end":{"line":24,"column":9}}},"3":{"name":"(anonymous_5)","decl":{"start":{"line":24,"column":2},"end":{"line":24,"column":9}},"loc":{"start":{"line":24,"column":2},"end":{"line":24,"column":73}}},"4":{"name":"(anonymous_6)","decl":{"start":{"line":26,"column":32},"end":{"line":26,"column":null}},"loc":{"start":{"line":26,"column":32},"end":{"line":27,"column":9}}},"5":{"name":"(anonymous_7)","decl":{"start":{"line":27,"column":2},"end":{"line":27,"column":9}},"loc":{"start":{"line":27,"column":2},"end":{"line":27,"column":51}}},"6":{"name":"(anonymous_8)","decl":{"start":{"line":30,"column":31},"end":{"line":30,"column":null}},"loc":{"start":{"line":30,"column":31},"end":{"line":44,"column":1}}},"7":{"name":"(anonymous_9)","decl":{"start":{"line":51,"column":49},"end":{"line":51,"column":50}},"loc":{"start":{"line":54,"column":1},"end":{"line":87,"column":1}}},"8":{"name":"(anonymous_10)","decl":{"start":{"line":55,"column":12},"end":{"line":55,"column":null}},"loc":{"start":{"line":55,"column":12},"end":{"line":57,"column":3}}},"9":{"name":"(anonymous_11)","decl":{"start":{"line":89,"column":27},"end":{"line":89,"column":28}},"loc":{"start":{"line":89,"column":46},"end":{"line":103,"column":1}}},"10":{"name":"(anonymous_12)","decl":{"start":{"line":91,"column":20},"end":{"line":91,"column":null}},"loc":{"start":{"line":91,"column":20},"end":{"line":96,"column":5}}},"11":{"name":"(anonymous_13)","decl":{"start":{"line":97,"column":23},"end":{"line":97,"column":null}},"loc":{"start":{"line":97,"column":23},"end":{"line":101,"column":5}}}},"branchMap":{},"s":{"0":1,"1":1,"2":1,"3":1,"4":1,"5":1,"6":1,"7":1,"8":1,"9":1,"10":1,"11":1,"12":0,"13":1,"14":0,"15":1,"16":0,"17":1,"18":0,"19":1,"20":1,"21":1,"22":1,"23":0,"24":1,"25":1,"26":0,"27":0,"28":0,"29":1},"f":{"0":0,"1":0,"2":0,"3":0,"4":0,"5":0,"6":0,"7":1,"8":0,"9":0,"10":0,"11":0},"b":{}}
,"C:\\Projects\\react-advance\\crwn-clothing\\client\\src\\components\\cart-dropdown\\cart-dropdown.component.tsx": {"path":"C:\\Projects\\react-advance\\crwn-clothing\\client\\src\\components\\cart-dropdown\\cart-dropdown.component.tsx","statementMap":{"0":{"start":{"line":1,"column":0},"end":{"line":1,"column":26}},"1":{"start":{"line":2,"column":0},"end":{"line":2,"column":38}},"2":{"start":{"line":3,"column":0},"end":{"line":3,"column":68}},"3":{"start":{"line":5,"column":0},"end":{"line":5,"column":37}},"4":{"start":{"line":7,"column":0},"end":{"line":7,"column":56}},"5":{"start":{"line":8,"column":0},"end":{"line":8,"column":null}},"6":{"start":{"line":12,"column":0},"end":{"line":12,"column":52}},"7":{"start":{"line":13,"column":0},"end":{"line":13,"column":63}},"8":{"start":{"line":16,"column":0},"end":{"line":16,"column":75}},"9":{"start":{"line":24,"column":80},"end":{"line":62,"column":1}},"10":{"start":{"line":25,"column":2},"end":{"line":25,"column":10}},"11":{"start":{"line":26,"column":2},"end":{"line":26,"column":11}},"12":{"start":{"line":27,"column":2},"end":{"line":27,"column":14}},"13":{"start":{"line":28,"column":2},"end":{"line":28,"column":9}},"14":{"start":{"line":30,"column":28},"end":{"line":40,"column":3}},"15":{"start":{"line":31,"column":4},"end":{"line":39,"column":7}},"16":{"start":{"line":32,"column":6},"end":{"line":38,"column":8}},"17":{"start":{"line":42,"column":2},"end":{"line":61,"column":4}},"18":{"start":{"line":52,"column":14},"end":{"line":52,"column":29}},"19":{"start":{"line":53,"column":14},"end":{"line":53,"column":40}},"20":{"start":{"line":64,"column":24},"end":{"line":67,"column":2}},"21":{"start":{"line":69,"column":27},"end":{"line":75,"column":1}},"22":{"start":{"line":70,"column":2},"end":{"line":74,"column":null}},"23":{"start":{"line":71,"column":24},"end":{"line":73,"column":null}},"24":{"start":{"line":77,"column":0},"end":{"line":77,"column":86}}},"fnMap":{"0":{"name":"(anonymous_1)","decl":{"start":{"line":24,"column":80},"end":{"line":24,"column":81}},"loc":{"start":{"line":29,"column":1},"end":{"line":62,"column":1}}},"1":{"name":"(anonymous_2)","decl":{"start":{"line":30,"column":28},"end":{"line":30,"column":null}},"loc":{"start":{"line":30,"column":28},"end":{"line":40,"column":3}}},"2":{"name":"(anonymous_3)","decl":{"start":{"line":31,"column":25},"end":{"line":31,"column":29}},"loc":{"start":{"line":31,"column":29},"end":{"line":39,"column":5}}},"3":{"name":"(anonymous_4)","decl":{"start":{"line":51,"column":21},"end":{"line":51,"column":null}},"loc":{"start":{"line":51,"column":21},"end":{"line":54,"column":13}}},"4":{"name":"(anonymous_5)","decl":{"start":{"line":69,"column":27},"end":{"line":69,"column":28}},"loc":{"start":{"line":69,"column":46},"end":{"line":75,"column":1}}},"5":{"name":"(anonymous_6)","decl":{"start":{"line":71,"column":18},"end":{"line":71,"column":24}},"loc":{"start":{"line":71,"column":18},"end":{"line":71,"column":32}}}},"branchMap":{"0":{"loc":{"start":{"line":43,"column":35},"end":{"line":43,"column":45}},"type":"cond-expr","locations":[{"start":{"line":43,"column":35},"end":{"line":43,"column":45}},{"start":{"line":43,"column":48},"end":{"line":43,"column":50}}]},"1":{"loc":{"start":{"line":45,"column":8},"end":{"line":45,"column":63}},"type":"cond-expr","locations":[{"start":{"line":45,"column":8},"end":{"line":45,"column":63}},{"start":{"line":47,"column":8},"end":{"line":57,"column":null}}]}},"s":{"0":1,"1":1,"2":1,"3":1,"4":1,"5":1,"6":1,"7":1,"8":1,"9":1,"10":0,"11":0,"12":0,"13":0,"14":0,"15":0,"16":0,"17":0,"18":0,"19":0,"20":1,"21":1,"22":0,"23":0,"24":1},"f":{"0":0,"1":0,"2":0,"3":0,"4":0,"5":0},"b":{"0":[0,0],"1":[0,0]}}
,"C:\\Projects\\react-advance\\crwn-clothing\\client\\src\\components\\cart-icon\\cart-icon.component.tsx": {"path":"C:\\Projects\\react-advance\\crwn-clothing\\client\\src\\components\\cart-icon\\cart-icon.component.tsx","statementMap":{"0":{"start":{"line":1,"column":0},"end":{"line":1,"column":26}},"1":{"start":{"line":2,"column":0},"end":{"line":2,"column":38}},"2":{"start":{"line":3,"column":0},"end":{"line":3,"column":82}},"3":{"start":{"line":5,"column":0},"end":{"line":5,"column":33}},"4":{"start":{"line":7,"column":0},"end":{"line":7,"column":81}},"5":{"start":{"line":8,"column":0},"end":{"line":8,"column":75}},"6":{"start":{"line":16,"column":42},"end":{"line":23,"column":1}},"7":{"start":{"line":16,"column":45},"end":{"line":16,"column":57}},"8":{"start":{"line":16,"column":59},"end":{"line":16,"column":68}},"9":{"start":{"line":17,"column":2},"end":{"line":22,"column":4}},"10":{"start":{"line":25,"column":24},"end":{"line":29,"column":1}},"11":{"start":{"line":26,"column":2},"end":{"line":28,"column":4}},"12":{"start":{"line":31,"column":27},"end":{"line":37,"column":1}},"13":{"start":{"line":32,"column":2},"end":{"line":36,"column":null}},"14":{"start":{"line":33,"column":24},"end":{"line":35,"column":null}},"15":{"start":{"line":39,"column":0},"end":{"line":42,"column":12}}},"fnMap":{"0":{"name":"(anonymous_1)","decl":{"start":{"line":16,"column":42},"end":{"line":16,"column":43}},"loc":{"start":{"line":16,"column":70},"end":{"line":23,"column":1}}},"1":{"name":"(anonymous_2)","decl":{"start":{"line":25,"column":24},"end":{"line":25,"column":25}},"loc":{"start":{"line":25,"column":40},"end":{"line":29,"column":1}}},"2":{"name":"(anonymous_3)","decl":{"start":{"line":31,"column":27},"end":{"line":31,"column":28}},"loc":{"start":{"line":31,"column":46},"end":{"line":37,"column":1}}},"3":{"name":"(anonymous_4)","decl":{"start":{"line":33,"column":18},"end":{"line":33,"column":24}},"loc":{"start":{"line":33,"column":18},"end":{"line":33,"column":32}}}},"branchMap":{},"s":{"0":1,"1":1,"2":1,"3":1,"4":1,"5":1,"6":1,"7":0,"8":0,"9":0,"10":1,"11":0,"12":1,"13":0,"14":0,"15":1},"f":{"0":0,"1":0,"2":0,"3":0},"b":{}}
,"C:\\Projects\\react-advance\\crwn-clothing\\client\\src\\components\\cart-item\\cart-item.component.tsx": {"path":"C:\\Projects\\react-advance\\crwn-clothing\\client\\src\\components\\cart-item\\cart-item.component.tsx","statementMap":{"0":{"start":{"line":1,"column":0},"end":{"line":1,"column":26}},"1":{"start":{"line":2,"column":0},"end":{"line":2,"column":33}},"2":{"start":{"line":11,"column":41},"end":{"line":21,"column":1}},"3":{"start":{"line":11,"column":43},"end":{"line":11,"column":50}},"4":{"start":{"line":11,"column":50},"end":{"line":11,"column":58}},"5":{"start":{"line":11,"column":60},"end":{"line":11,"column":64}},"6":{"start":{"line":11,"column":66},"end":{"line":11,"column":71}},"7":{"start":{"line":11,"column":74},"end":{"line":11,"column":82}},"8":{"start":{"line":12,"column":4},"end":{"line":20,"column":null}},"9":{"start":{"line":23,"column":0},"end":{"line":23,"column":36}}},"fnMap":{"0":{"name":"(anonymous_1)","decl":{"start":{"line":11,"column":41},"end":{"line":11,"column":42}},"loc":{"start":{"line":11,"column":83},"end":{"line":21,"column":1}}}},"branchMap":{},"s":{"0":1,"1":1,"2":1,"3":0,"4":0,"5":0,"6":0,"7":0,"8":0,"9":1},"f":{"0":0},"b":{}}
,"C:\\Projects\\react-advance\\crwn-clothing\\client\\src\\components\\custom-button\\custom-button.component.tsx": {"path":"C:\\Projects\\react-advance\\crwn-clothing\\client\\src\\components\\custom-button\\custom-button.component.tsx","statementMap":{"0":{"start":{"line":1,"column":0},"end":{"line":1,"column":26}},"1":{"start":{"line":3,"column":0},"end":{"line":3,"column":63}},"2":{"start":{"line":14,"column":46},"end":{"line":18,"column":1}},"3":{"start":{"line":14,"column":49},"end":{"line":14,"column":57}},"4":{"start":{"line":14,"column":59},"end":{"line":14,"column":72}},"5":{"start":{"line":15,"column":2},"end":{"line":17,"column":4}},"6":{"start":{"line":20,"column":0},"end":{"line":20,"column":28}}},"fnMap":{"0":{"name":"(anonymous_4)","decl":{"start":{"line":14,"column":46},"end":{"line":14,"column":47}},"loc":{"start":{"line":14,"column":74},"end":{"line":18,"column":1}}}},"branchMap":{},"s":{"0":1,"1":1,"2":1,"3":0,"4":0,"5":0,"6":1},"f":{"0":0},"b":{}}
,"C:\\Projects\\react-advance\\crwn-clothing\\client\\src\\components\\custom-button\\custom-button.styles.tsx": {"path":"C:\\Projects\\react-advance\\crwn-clothing\\client\\src\\components\\custom-button\\custom-button.styles.tsx","statementMap":{"0":{"start":{"line":1,"column":0},"end":{"line":1,"column":48}},"1":{"start":{"line":3,"column":27},"end":{"line":13,"column":2}},"2":{"start":{"line":15,"column":28},"end":{"line":27,"column":2}},"3":{"start":{"line":29,"column":24},"end":{"line":36,"column":1}},"4":{"start":{"line":33,"column":2},"end":{"line":33,"column":54}},"5":{"start":{"line":33,"column":28},"end":{"line":33,"column":54}},"6":{"start":{"line":35,"column":2},"end":{"line":35,"column":54}},"7":{"start":{"line":38,"column":26},"end":{"line":51,"column":1}},"8":{"start":{"line":39,"column":2},"end":{"line":50,"column":12}},"9":{"start":{"line":53,"column":13},"end":{"line":79,"column":null}}},"fnMap":{"0":{"name":"(anonymous_2)","decl":{"start":{"line":29,"column":24},"end":{"line":29,"column":25}},"loc":{"start":{"line":32,"column":1},"end":{"line":36,"column":1}}},"1":{"name":"(anonymous_3)","decl":{"start":{"line":38,"column":26},"end":{"line":38,"column":27}},"loc":{"start":{"line":38,"column":56},"end":{"line":51,"column":1}}}},"branchMap":{"0":{"loc":{"start":{"line":3,"column":30},"end":{"line":3,"column":null}},"type":"binary-expr","locations":[{"start":{"line":3,"column":30},"end":{"line":3,"column":null}},{"start":{"line":3,"column":30},"end":{"line":13,"column":2}}]},"1":{"loc":{"start":{"line":15,"column":31},"end":{"line":15,"column":null}},"type":"binary-expr","locations":[{"start":{"line":15,"column":31},"end":{"line":15,"column":null}},{"start":{"line":15,"column":31},"end":{"line":27,"column":2}}]},"2":{"loc":{"start":{"line":33,"column":2},"end":{"line":33,"column":54}},"type":"if","locations":[{"start":{"line":33,"column":2},"end":{"line":33,"column":54}},{"start":{"line":33,"column":2},"end":{"line":33,"column":54}}]},"3":{"loc":{"start":{"line":35,"column":26},"end":{"line":35,"column":45}},"type":"cond-expr","locations":[{"start":{"line":35,"column":26},"end":{"line":35,"column":45}},{"start":{"line":35,"column":48},"end":{"line":35,"column":54}}]},"4":{"loc":{"start":{"line":35,"column":51},"end":{"line":35,"column":53}},"type":"binary-expr","locations":[{"start":{"line":35,"column":51},"end":{"line":35,"column":53}},{"start":{"line":35,"column":51},"end":{"line":35,"column":54}}]},"5":{"loc":{"start":{"line":40,"column":6},"end":{"line":49,"column":null}},"type":"cond-expr","locations":[{"start":{"line":40,"column":6},"end":{"line":49,"column":null}},{"start":{"line":50,"column":6},"end":{"line":50,"column":12}}]},"6":{"loc":{"start":{"line":40,"column":9},"end":{"line":40,"column":null}},"type":"binary-expr","locations":[{"start":{"line":40,"column":9},"end":{"line":40,"column":null}},{"start":{"line":40,"column":9},"end":{"line":49,"column":null}}]},"7":{"loc":{"start":{"line":50,"column":9},"end":{"line":50,"column":11}},"type":"binary-expr","locations":[{"start":{"line":50,"column":9},"end":{"line":50,"column":11}},{"start":{"line":50,"column":9},"end":{"line":50,"column":12}}]},"8":{"loc":{"start":{"line":53,"column":50},"end":{"line":53,"column":null}},"type":"binary-expr","locations":[{"start":{"line":53,"column":50},"end":{"line":53,"column":null}},{"start":{"line":53,"column":50},"end":{"line":80,"column":2}}]}},"s":{"0":1,"1":1,"2":1,"3":1,"4":0,"5":0,"6":0,"7":1,"8":0,"9":1},"f":{"0":0,"1":0},"b":{"0":[1,1],"1":[1,1],"2":[0,0],"3":[0,0],"4":[0,0],"5":[0,0],"6":[0,0],"7":[0,0],"8":[1,1]}}
,"C:\\Projects\\react-advance\\crwn-clothing\\client\\src\\components\\directory\\directory.component.tsx": {"path":"C:\\Projects\\react-advance\\crwn-clothing\\client\\src\\components\\directory\\directory.component.tsx","statementMap":{"0":{"start":{"line":1,"column":0},"end":{"line":1,"column":26}},"1":{"start":{"line":2,"column":0},"end":{"line":2,"column":56}},"2":{"start":{"line":3,"column":0},"end":{"line":3,"column":33}},"3":{"start":{"line":5,"column":0},"end":{"line":5,"column":86}},"4":{"start":{"line":7,"column":0},"end":{"line":7,"column":52}},"5":{"start":{"line":8,"column":0},"end":{"line":8,"column":38}},"6":{"start":{"line":15,"column":55},"end":{"line":25,"column":1}},"7":{"start":{"line":15,"column":57},"end":{"line":15,"column":65}},"8":{"start":{"line":16,"column":4},"end":{"line":24,"column":null}},"9":{"start":{"line":20,"column":20},"end":{"line":20,"column":null}},"10":{"start":{"line":28,"column":24},"end":{"line":30,"column":2}},"11":{"start":{"line":32,"column":0},"end":{"line":32,"column":52}}},"fnMap":{"0":{"name":"(anonymous_3)","decl":{"start":{"line":15,"column":55},"end":{"line":15,"column":56}},"loc":{"start":{"line":15,"column":66},"end":{"line":25,"column":1}}},"1":{"name":"(anonymous_4)","decl":{"start":{"line":19,"column":29},"end":{"line":19,"column":30}},"loc":{"start":{"line":19,"column":37},"end":{"line":21,"column":17}}}},"branchMap":{},"s":{"0":1,"1":1,"2":1,"3":1,"4":1,"5":1,"6":1,"7":0,"8":0,"9":0,"10":1,"11":1},"f":{"0":0,"1":0},"b":{}}
,"C:\\Projects\\react-advance\\crwn-clothing\\client\\src\\components\\error-boundary\\error-boundary.component.tsx": {"path":"C:\\Projects\\react-advance\\crwn-clothing\\client\\src\\components\\error-boundary\\error-boundary.component.tsx","statementMap":{"0":{"start":{"line":1,"column":0},"end":{"line":1,"column":26}},"1":{"start":{"line":3,"column":0},"end":{"line":3,"column":null}},"2":{"start":{"line":3,"column":28},"end":{"line":3,"column":33}},"3":{"start":{"line":10,"column":4},"end":{"line":10,"column":null}},"4":{"start":{"line":11,"column":4},"end":{"line":13,"column":6}},"5":{"start":{"line":16,"column":9},"end":{"line":18,"column":null}},"6":{"start":{"line":17,"column":4},"end":{"line":17,"column":30}},"7":{"start":{"line":20,"column":2},"end":{"line":23,"column":null}},"8":{"start":{"line":21,"column":4},"end":{"line":21,"column":23}},"9":{"start":{"line":22,"column":4},"end":{"line":22,"column":22}},"10":{"start":{"line":25,"column":2},"end":{"line":31,"column":null}},"11":{"start":{"line":26,"column":6},"end":{"line":28,"column":null}},"12":{"start":{"line":27,"column":10},"end":{"line":27,"column":null}},"13":{"start":{"line":30,"column":6},"end":{"line":30,"column":33}},"14":{"start":{"line":32,"column":0},"end":{"line":32,"column":null}},"15":{"start":{"line":34,"column":0},"end":{"line":34,"column":29}}},"fnMap":{"0":{"name":"(anonymous_7)","decl":{"start":{"line":3,"column":0},"end":{"line":3,"column":28}},"loc":{"start":{"line":3,"column":0},"end":{"line":32,"column":null}}},"1":{"name":"ErrorBoundary","decl":{"start":{"line":9,"column":2},"end":{"line":9,"column":14}},"loc":{"start":{"line":9,"column":23},"end":{"line":14,"column":3}}},"2":{"name":"(anonymous_9)","decl":{"start":{"line":16,"column":2},"end":{"line":16,"column":9}},"loc":{"start":{"line":16,"column":44},"end":{"line":18,"column":3}}},"3":{"name":"(anonymous_10)","decl":{"start":{"line":20,"column":2},"end":{"line":20,"column":19}},"loc":{"start":{"line":20,"column":41},"end":{"line":23,"column":3}}},"4":{"name":"(anonymous_11)","decl":{"start":{"line":25,"column":2},"end":{"line":25,"column":8}},"loc":{"start":{"line":25,"column":2},"end":{"line":31,"column":3}}}},"branchMap":{"0":{"loc":{"start":{"line":10,"column":4},"end":{"line":10,"column":16}},"type":"binary-expr","locations":[{"start":{"line":10,"column":4},"end":{"line":10,"column":16}},{"start":{"line":10,"column":16},"end":{"line":10,"column":null}}]},"1":{"loc":{"start":{"line":26,"column":6},"end":{"line":28,"column":null}},"type":"if","locations":[{"start":{"line":26,"column":6},"end":{"line":28,"column":null}},{"start":{"line":26,"column":6},"end":{"line":28,"column":null}}]}},"s":{"0":1,"1":1,"2":1,"3":0,"4":0,"5":1,"6":0,"7":1,"8":0,"9":0,"10":1,"11":0,"12":0,"13":0,"14":1,"15":1},"f":{"0":1,"1":0,"2":0,"3":0,"4":0},"b":{"0":[0,0],"1":[0,0]}}
,"C:\\Projects\\react-advance\\crwn-clothing\\client\\src\\components\\header\\header.component.tsx": {"path":"C:\\Projects\\react-advance\\crwn-clothing\\client\\src\\components\\header\\header.component.tsx","statementMap":{"0":{"start":{"line":1,"column":0},"end":{"line":1,"column":26}},"1":{"start":{"line":2,"column":0},"end":{"line":2,"column":38}},"2":{"start":{"line":3,"column":0},"end":{"line":3,"column":64}},"3":{"start":{"line":7,"column":0},"end":{"line":7,"column":56}},"4":{"start":{"line":8,"column":0},"end":{"line":8,"column":68}},"5":{"start":{"line":9,"column":0},"end":{"line":9,"column":78}},"6":{"start":{"line":10,"column":0},"end":{"line":10,"column":95}},"7":{"start":{"line":17,"column":58},"end":{"line":60,"column":1}},"8":{"start":{"line":18,"column":2},"end":{"line":18,"column":13}},"9":{"start":{"line":19,"column":2},"end":{"line":19,"column":11}},"10":{"start":{"line":21,"column":26},"end":{"line":35,"column":3}},"11":{"start":{"line":22,"column":4},"end":{"line":28,"column":null}},"12":{"start":{"line":23,"column":6},"end":{"line":27,"column":8}},"13":{"start":{"line":30,"column":4},"end":{"line":34,"column":6}},"14":{"start":{"line":37,"column":2},"end":{"line":59,"column":4}},"15":{"start":{"line":62,"column":24},"end":{"line":66,"column":1}},"16":{"start":{"line":63,"column":2},"end":{"line":65,"column":4}},"17":{"start":{"line":68,"column":0},"end":{"line":68,"column":48}}},"fnMap":{"0":{"name":"(anonymous_1)","decl":{"start":{"line":17,"column":58},"end":{"line":17,"column":59}},"loc":{"start":{"line":20,"column":1},"end":{"line":60,"column":1}}},"1":{"name":"(anonymous_2)","decl":{"start":{"line":21,"column":26},"end":{"line":21,"column":null}},"loc":{"start":{"line":21,"column":26},"end":{"line":35,"column":3}}},"2":{"name":"(anonymous_3)","decl":{"start":{"line":62,"column":24},"end":{"line":62,"column":25}},"loc":{"start":{"line":62,"column":35},"end":{"line":66,"column":1}}}},"branchMap":{"0":{"loc":{"start":{"line":22,"column":4},"end":{"line":28,"column":null}},"type":"if","locations":[{"start":{"line":22,"column":4},"end":{"line":28,"column":null}},{"start":{"line":22,"column":4},"end":{"line":28,"column":null}}]},"1":{"loc":{"start":{"line":22,"column":8},"end":{"line":22,"column":19}},"type":"binary-expr","locations":[{"start":{"line":22,"column":8},"end":{"line":22,"column":19}},{"start":{"line":22,"column":23},"end":{"line":22,"column":40}}]}},"s":{"0":1,"1":1,"2":1,"3":1,"4":1,"5":1,"6":1,"7":1,"8":0,"9":0,"10":0,"11":0,"12":0,"13":0,"14":0,"15":1,"16":0,"17":1},"f":{"0":0,"1":0,"2":0},"b":{"0":[0,0],"1":[0,0]}}
,"C:\\Projects\\react-advance\\crwn-clothing\\client\\src\\components\\header\\header.styles.tsx": {"path":"C:\\Projects\\react-advance\\crwn-clothing\\client\\src\\components\\header\\header.styles.tsx","statementMap":{"0":{"start":{"line":1,"column":0},"end":{"line":1,"column":48}},"1":{"start":{"line":2,"column":0},"end":{"line":2,"column":40}},"2":{"start":{"line":4,"column":30},"end":{"line":7,"column":null}},"3":{"start":{"line":9,"column":13},"end":{"line":15,"column":2}},"4":{"start":{"line":17,"column":13},"end":{"line":21,"column":2}},"5":{"start":{"line":23,"column":13},"end":{"line":29,"column":2}},"6":{"start":{"line":31,"column":13},"end":{"line":32,"column":null}},"7":{"start":{"line":35,"column":13},"end":{"line":36,"column":null}}},"fnMap":{},"branchMap":{"0":{"loc":{"start":{"line":4,"column":33},"end":{"line":4,"column":null}},"type":"binary-expr","locations":[{"start":{"line":4,"column":33},"end":{"line":4,"column":null}},{"start":{"line":4,"column":33},"end":{"line":7,"column":null}}]},"1":{"loc":{"start":{"line":9,"column":41},"end":{"line":9,"column":null}},"type":"binary-expr","locations":[{"start":{"line":9,"column":41},"end":{"line":9,"column":null}},{"start":{"line":9,"column":41},"end":{"line":15,"column":2}}]},"2":{"loc":{"start":{"line":17,"column":41},"end":{"line":17,"column":null}},"type":"binary-expr","locations":[{"start":{"line":17,"column":41},"end":{"line":17,"column":null}},{"start":{"line":17,"column":41},"end":{"line":21,"column":2}}]},"3":{"loc":{"start":{"line":23,"column":42},"end":{"line":23,"column":null}},"type":"binary-expr","locations":[{"start":{"line":23,"column":42},"end":{"line":23,"column":null}},{"start":{"line":23,"column":42},"end":{"line":29,"column":2}}]},"4":{"loc":{"start":{"line":31,"column":38},"end":{"line":31,"column":null}},"type":"binary-expr","locations":[{"start":{"line":31,"column":38},"end":{"line":31,"column":null}},{"start":{"line":31,"column":38},"end":{"line":33,"column":null}}]},"5":{"loc":{"start":{"line":35,"column":35},"end":{"line":35,"column":null}},"type":"binary-expr","locations":[{"start":{"line":35,"column":35},"end":{"line":35,"column":null}},{"start":{"line":35,"column":35},"end":{"line":37,"column":null}}]}},"s":{"0":1,"1":1,"2":1,"3":1,"4":1,"5":1,"6":1,"7":1},"f":{},"b":{"0":[1,1],"1":[1,1],"2":[1,1],"3":[1,1],"4":[1,1],"5":[1,1]}}
,"C:\\Projects\\react-advance\\crwn-clothing\\client\\src\\components\\menu-item\\menu-item.component.tsx": {"path":"C:\\Projects\\react-advance\\crwn-clothing\\client\\src\\components\\menu-item\\menu-item.component.tsx","statementMap":{"0":{"start":{"line":1,"column":0},"end":{"line":1,"column":26}},"1":{"start":{"line":2,"column":0},"end":{"line":2,"column":44}},"2":{"start":{"line":3,"column":0},"end":{"line":3,"column":33}},"3":{"start":{"line":10,"column":44},"end":{"line":22,"column":1}},"4":{"start":{"line":10,"column":47},"end":{"line":10,"column":52}},"5":{"start":{"line":10,"column":54},"end":{"line":10,"column":62}},"6":{"start":{"line":10,"column":64},"end":{"line":10,"column":68}},"7":{"start":{"line":10,"column":70},"end":{"line":10,"column":77}},"8":{"start":{"line":10,"column":79},"end":{"line":10,"column":86}},"9":{"start":{"line":10,"column":88},"end":{"line":10,"column":93}},"10":{"start":{"line":11,"column":4},"end":{"line":21,"column":6}},"11":{"start":{"line":12,"column":60},"end":{"line":12,"column":null}},"12":{"start":{"line":24,"column":0},"end":{"line":24,"column":36}}},"fnMap":{"0":{"name":"(anonymous_1)","decl":{"start":{"line":10,"column":44},"end":{"line":10,"column":45}},"loc":{"start":{"line":10,"column":95},"end":{"line":22,"column":1}}},"1":{"name":"(anonymous_2)","decl":{"start":{"line":12,"column":54},"end":{"line":12,"column":60}},"loc":{"start":{"line":12,"column":54},"end":{"line":12,"column":67}}}},"branchMap":{},"s":{"0":1,"1":1,"2":1,"3":1,"4":0,"5":0,"6":0,"7":0,"8":0,"9":0,"10":0,"11":0,"12":1},"f":{"0":0,"1":0},"b":{}}
,"C:\\Projects\\react-advance\\crwn-clothing\\client\\src\\components\\spinner\\spinner.component.tsx": {"path":"C:\\Projects\\react-advance\\crwn-clothing\\client\\src\\components\\spinner\\spinner.component.tsx","statementMap":{"0":{"start":{"line":1,"column":0},"end":{"line":1,"column":26}},"1":{"start":{"line":2,"column":0},"end":{"line":2,"column":31}},"2":{"start":{"line":4,"column":35},"end":{"line":12,"column":1}},"3":{"start":{"line":5,"column":2},"end":{"line":11,"column":4}},"4":{"start":{"line":15,"column":0},"end":{"line":15,"column":32}}},"fnMap":{"0":{"name":"(anonymous_1)","decl":{"start":{"line":4,"column":35},"end":{"line":4,"column":null}},"loc":{"start":{"line":4,"column":35},"end":{"line":12,"column":1}}}},"branchMap":{},"s":{"0":1,"1":1,"2":1,"3":0,"4":1},"f":{"0":0},"b":{}}
,"C:\\Projects\\react-advance\\crwn-clothing\\client\\src\\pages\\homepage\\homepage.component.tsx": {"path":"C:\\Projects\\react-advance\\crwn-clothing\\client\\src\\pages\\homepage\\homepage.component.tsx","statementMap":{"0":{"start":{"line":1,"column":0},"end":{"line":1,"column":26}},"1":{"start":{"line":2,"column":0},"end":{"line":2,"column":32}},"2":{"start":{"line":3,"column":0},"end":{"line":3,"column":71}},"3":{"start":{"line":4,"column":0},"end":{"line":4,"column":50}},"4":{"start":{"line":6,"column":27},"end":{"line":12,"column":1}},"5":{"start":{"line":7,"column":4},"end":{"line":11,"column":6}},"6":{"start":{"line":14,"column":0},"end":{"line":14,"column":24}}},"fnMap":{"0":{"name":"(anonymous_1)","decl":{"start":{"line":6,"column":27},"end":{"line":6,"column":null}},"loc":{"start":{"line":6,"column":27},"end":{"line":12,"column":1}}}},"branchMap":{},"s":{"0":1,"1":1,"2":1,"3":1,"4":1,"5":0,"6":1},"f":{"0":0},"b":{}}
,"C:\\Projects\\react-advance\\crwn-clothing\\client\\src\\pages\\homepage\\homepage.styles.tsx": {"path":"C:\\Projects\\react-advance\\crwn-clothing\\client\\src\\pages\\homepage\\homepage.styles.tsx","statementMap":{"0":{"start":{"line":1,"column":0},"end":{"line":1,"column":39}},"1":{"start":{"line":3,"column":26},"end":{"line":7,"column":2}},"2":{"start":{"line":9,"column":0},"end":{"line":9,"column":33}}},"fnMap":{},"branchMap":{"0":{"loc":{"start":{"line":3,"column":36},"end":{"line":3,"column":null}},"type":"binary-expr","locations":[{"start":{"line":3,"column":36},"end":{"line":3,"column":null}},{"start":{"line":3,"column":36},"end":{"line":7,"column":2}}]}},"s":{"0":1,"1":1,"2":1},"f":{},"b":{"0":[1,1]}}
,"C:\\Projects\\react-advance\\crwn-clothing\\client\\src\\store\\actions\\actionTypes.ts": {"path":"C:\\Projects\\react-advance\\crwn-clothing\\client\\src\\store\\actions\\actionTypes.ts","statementMap":{"0":{"start":{"line":1,"column":13},"end":{"line":1,"column":51}},"1":{"start":{"line":2,"column":13},"end":{"line":2,"column":67}},"2":{"start":{"line":3,"column":13},"end":{"line":3,"column":55}},"3":{"start":{"line":4,"column":13},"end":{"line":4,"column":53}},"4":{"start":{"line":5,"column":13},"end":{"line":5,"column":41}},"5":{"start":{"line":6,"column":13},"end":{"line":6,"column":61}},"6":{"start":{"line":7,"column":13},"end":{"line":7,"column":49}},"7":{"start":{"line":8,"column":13},"end":{"line":8,"column":63}},"8":{"start":{"line":9,"column":13},"end":{"line":9,"column":51}},"9":{"start":{"line":10,"column":13},"end":{"line":10,"column":49}},"10":{"start":{"line":11,"column":13},"end":{"line":11,"column":65}},"11":{"start":{"line":12,"column":13},"end":{"line":12,"column":69}},"12":{"start":{"line":13,"column":13},"end":{"line":13,"column":65}},"13":{"start":{"line":14,"column":13},"end":{"line":14,"column":77}},"14":{"start":{"line":15,"column":13},"end":{"line":15,"column":72}},"15":{"start":{"line":16,"column":13},"end":{"line":16,"column":75}},"16":{"start":{"line":17,"column":13},"end":{"line":17,"column":63}},"17":{"start":{"line":18,"column":13},"end":{"line":18,"column":57}},"18":{"start":{"line":19,"column":13},"end":{"line":19,"column":71}},"19":{"start":{"line":20,"column":13},"end":{"line":20,"column":71}}},"fnMap":{},"branchMap":{},"s":{"0":1,"1":1,"2":1,"3":1,"4":1,"5":1,"6":1,"7":1,"8":1,"9":1,"10":1,"11":1,"12":1,"13":1,"14":1,"15":1,"16":1,"17":1,"18":1,"19":1},"f":{},"b":{}}
,"C:\\Projects\\react-advance\\crwn-clothing\\client\\src\\store\\reducers\\carts\\cartSelector.ts": {"path":"C:\\Projects\\react-advance\\crwn-clothing\\client\\src\\store\\reducers\\carts\\cartSelector.ts","statementMap":{"0":{"start":{"line":1,"column":0},"end":{"line":1,"column":42}},"1":{"start":{"line":5,"column":13},"end":{"line":5,"column":39}},"2":{"start":{"line":5,"column":34},"end":{"line":5,"column":45}},"3":{"start":{"line":7,"column":13},"end":{"line":17,"column":3}},"4":{"start":{"line":8,"column":22},"end":{"line":8,"column":24}},"5":{"start":{"line":9,"column":4},"end":{"line":11,"column":null}},"6":{"start":{"line":10,"column":8},"end":{"line":10,"column":39}},"7":{"start":{"line":12,"column":4},"end":{"line":16,"column":9}},"8":{"start":{"line":13,"column":8},"end":{"line":13,"column":48}},"9":{"start":{"line":13,"column":39},"end":{"line":13,"column":48}},"10":{"start":{"line":14,"column":8},"end":{"line":14,"column":49}},"11":{"start":{"line":14,"column":39},"end":{"line":14,"column":49}},"12":{"start":{"line":15,"column":8},"end":{"line":15,"column":17}},"13":{"start":{"line":19,"column":13},"end":{"line":19,"column":80}},"14":{"start":{"line":19,"column":65},"end":{"line":19,"column":79}},"15":{"start":{"line":20,"column":13},"end":{"line":20,"column":87}},"16":{"start":{"line":20,"column":71},"end":{"line":20,"column":86}},"17":{"start":{"line":21,"column":13},"end":{"line":23,"column":null}},"18":{"start":{"line":22,"column":3},"end":{"line":22,"column":84}},"19":{"start":{"line":22,"column":42},"end":{"line":22,"column":81}}},"fnMap":{"0":{"name":"(anonymous_0)","decl":{"start":{"line":5,"column":13},"end":{"line":5,"column":14}},"loc":{"start":{"line":5,"column":29},"end":{"line":5,"column":39}}},"1":{"name":"(anonymous_1)","decl":{"start":{"line":7,"column":56},"end":{"line":7,"column":57}},"loc":{"start":{"line":7,"column":61},"end":{"line":17,"column":1}}},"2":{"name":"(anonymous_2)","decl":{"start":{"line":12,"column":26},"end":{"line":12,"column":27}},"loc":{"start":{"line":12,"column":61},"end":{"line":16,"column":7}}},"3":{"name":"(anonymous_3)","decl":{"start":{"line":19,"column":55},"end":{"line":19,"column":56}},"loc":{"start":{"line":19,"column":60},"end":{"line":19,"column":69}}},"4":{"name":"(anonymous_4)","decl":{"start":{"line":20,"column":61},"end":{"line":20,"column":62}},"loc":{"start":{"line":20,"column":66},"end":{"line":20,"column":75}}},"5":{"name":"(anonymous_5)","decl":{"start":{"line":21,"column":76},"end":{"line":21,"column":77}},"loc":{"start":{"line":21,"column":86},"end":{"line":23,"column":1}}},"6":{"name":"(anonymous_6)","decl":{"start":{"line":22,"column":27},"end":{"line":22,"column":28}},"loc":{"start":{"line":22,"column":36},"end":{"line":22,"column":45}}}},"branchMap":{"0":{"loc":{"start":{"line":13,"column":8},"end":{"line":13,"column":48}},"type":"if","locations":[{"start":{"line":13,"column":8},"end":{"line":13,"column":48}},{"start":{"line":13,"column":8},"end":{"line":13,"column":48}}]},"1":{"loc":{"start":{"line":14,"column":8},"end":{"line":14,"column":49}},"type":"if","locations":[{"start":{"line":14,"column":8},"end":{"line":14,"column":49}},{"start":{"line":14,"column":8},"end":{"line":14,"column":49}}]}},"s":{"0":1,"1":1,"2":0,"3":1,"4":0,"5":0,"6":0,"7":0,"8":0,"9":0,"10":0,"11":0,"12":0,"13":1,"14":0,"15":1,"16":0,"17":1,"18":0,"19":0},"f":{"0":0,"1":0,"2":0,"3":0,"4":0,"5":0,"6":0},"b":{"0":[0,0],"1":[0,0]}}
,"C:\\Projects\\react-advance\\crwn-clothing\\client\\src\\store\\reducers\\directory\\directory.selector.ts": {"path":"C:\\Projects\\react-advance\\crwn-clothing\\client\\src\\store\\reducers\\directory\\directory.selector.ts","statementMap":{"0":{"start":{"line":1,"column":0},"end":{"line":1,"column":40}},"1":{"start":{"line":5,"column":18},"end":{"line":5,"column":44}},"2":{"start":{"line":5,"column":39},"end":{"line":5,"column":55}},"3":{"start":{"line":6,"column":13},"end":{"line":6,"column":115}},"4":{"start":{"line":6,"column":100},"end":{"line":6,"column":114}}},"fnMap":{"0":{"name":"(anonymous_0)","decl":{"start":{"line":5,"column":18},"end":{"line":5,"column":19}},"loc":{"start":{"line":5,"column":34},"end":{"line":5,"column":44}}},"1":{"name":"(anonymous_1)","decl":{"start":{"line":6,"column":59},"end":{"line":6,"column":60}},"loc":{"start":{"line":6,"column":95},"end":{"line":6,"column":113}}}},"branchMap":{},"s":{"0":1,"1":1,"2":0,"3":1,"4":0},"f":{"0":0,"1":0},"b":{}}
,"C:\\Projects\\react-advance\\crwn-clothing\\client\\src\\store\\reducers\\users\\userSelector.ts": {"path":"C:\\Projects\\react-advance\\crwn-clothing\\client\\src\\store\\reducers\\users\\userSelector.ts","statementMap":{"0":{"start":{"line":1,"column":0},"end":{"line":1,"column":40}},"1":{"start":{"line":4,"column":13},"end":{"line":4,"column":39}},"2":{"start":{"line":4,"column":34},"end":{"line":4,"column":45}},"3":{"start":{"line":5,"column":13},"end":{"line":5,"column":84}},"4":{"start":{"line":5,"column":66},"end":{"line":5,"column":83}},"5":{"start":{"line":6,"column":13},"end":{"line":6,"column":97}},"6":{"start":{"line":6,"column":73},"end":{"line":6,"column":96}}},"fnMap":{"0":{"name":"(anonymous_0)","decl":{"start":{"line":4,"column":13},"end":{"line":4,"column":14}},"loc":{"start":{"line":4,"column":29},"end":{"line":4,"column":39}}},"1":{"name":"(anonymous_1)","decl":{"start":{"line":5,"column":58},"end":{"line":5,"column":62}},"loc":{"start":{"line":5,"column":62},"end":{"line":5,"column":70}}},"2":{"name":"(anonymous_2)","decl":{"start":{"line":6,"column":65},"end":{"line":6,"column":69}},"loc":{"start":{"line":6,"column":69},"end":{"line":6,"column":77}}}},"branchMap":{},"s":{"0":1,"1":1,"2":0,"3":1,"4":0,"5":1,"6":0},"f":{"0":0,"1":0,"2":0},"b":{}}
}
