TN:
SF:C:\Projects\react-advance\crwn-clothing\client\src\App.tsx
FN:20,(anonymous_2)
FN:21,(anonymous_3)
FN:23,(anonymous_4)
FN:24,(anonymous_5)
FN:26,(anonymous_6)
FN:27,(anonymous_7)
FN:30,(anonymous_8)
FN:51,(anonymous_9)
FN:55,(anonymous_10)
FN:89,(anonymous_11)
FN:91,(anonymous_12)
FN:97,(anonymous_13)
FNF:12
FNH:1
FNDA:0,(anonymous_2)
FNDA:0,(anonymous_3)
FNDA:0,(anonymous_4)
FNDA:0,(anonymous_5)
FNDA:0,(anonymous_6)
FNDA:0,(anonymous_7)
FNDA:0,(anonymous_8)
FNDA:1,(anonymous_9)
FNDA:0,(anonymous_10)
FNDA:0,(anonymous_11)
FNDA:0,(anonymous_12)
FNDA:0,(anonymous_13)
DA:1,1
DA:2,1
DA:3,1
DA:4,1
DA:5,1
DA:7,1
DA:9,1
DA:10,1
DA:13,1
DA:17,1
DA:18,1
DA:20,1
DA:21,0
DA:23,1
DA:24,0
DA:26,1
DA:27,0
DA:30,1
DA:31,0
DA:51,1
DA:52,1
DA:53,1
DA:55,1
DA:56,0
DA:59,1
DA:89,1
DA:90,0
DA:92,0
DA:98,0
DA:105,1
LF:30
LH:22
BRF:0
BRH:0
end_of_record
TN:
SF:C:\Projects\react-advance\crwn-clothing\client\src\components\cart-dropdown\cart-dropdown.component.tsx
FN:24,(anonymous_1)
FN:30,(anonymous_2)
FN:31,(anonymous_3)
FN:51,(anonymous_4)
FN:69,(anonymous_5)
FN:71,(anonymous_6)
FNF:6
FNH:0
FNDA:0,(anonymous_1)
FNDA:0,(anonymous_2)
FNDA:0,(anonymous_3)
FNDA:0,(anonymous_4)
FNDA:0,(anonymous_5)
FNDA:0,(anonymous_6)
DA:1,1
DA:2,1
DA:3,1
DA:5,1
DA:7,1
DA:8,1
DA:12,1
DA:13,1
DA:16,1
DA:24,1
DA:25,0
DA:26,0
DA:27,0
DA:28,0
DA:30,0
DA:31,0
DA:32,0
DA:42,0
DA:52,0
DA:53,0
DA:64,1
DA:69,1
DA:70,0
DA:71,0
DA:77,1
LF:25
LH:13
BRDA:43,0,0,0
BRDA:43,0,1,0
BRDA:45,1,0,0
BRDA:45,1,1,0
BRF:4
BRH:0
end_of_record
TN:
SF:C:\Projects\react-advance\crwn-clothing\client\src\components\cart-icon\cart-icon.component.tsx
FN:16,(anonymous_1)
FN:25,(anonymous_2)
FN:31,(anonymous_3)
FN:33,(anonymous_4)
FNF:4
FNH:0
FNDA:0,(anonymous_1)
FNDA:0,(anonymous_2)
FNDA:0,(anonymous_3)
FNDA:0,(anonymous_4)
DA:1,1
DA:2,1
DA:3,1
DA:5,1
DA:7,1
DA:8,1
DA:16,1
DA:17,0
DA:25,1
DA:26,0
DA:31,1
DA:32,0
DA:33,0
DA:39,1
LF:14
LH:10
BRF:0
BRH:0
end_of_record
TN:
SF:C:\Projects\react-advance\crwn-clothing\client\src\components\cart-item\cart-item.component.tsx
FN:11,(anonymous_1)
FNF:1
FNH:0
FNDA:0,(anonymous_1)
DA:1,1
DA:2,1
DA:11,1
DA:12,0
DA:23,1
LF:5
LH:4
BRF:0
BRH:0
end_of_record
TN:
SF:C:\Projects\react-advance\crwn-clothing\client\src\components\custom-button\custom-button.component.tsx
FN:14,(anonymous_4)
FNF:1
FNH:0
FNDA:0,(anonymous_4)
DA:1,1
DA:3,1
DA:14,1
DA:15,0
DA:20,1
LF:5
LH:4
BRF:0
BRH:0
end_of_record
TN:
SF:C:\Projects\react-advance\crwn-clothing\client\src\components\custom-button\custom-button.styles.tsx
FN:29,(anonymous_2)
FN:38,(anonymous_3)
FNF:2
FNH:0
FNDA:0,(anonymous_2)
FNDA:0,(anonymous_3)
DA:1,1
DA:3,1
DA:15,1
DA:29,1
DA:33,0
DA:35,0
DA:38,1
DA:39,0
DA:53,1
LF:9
LH:6
BRDA:3,0,0,1
BRDA:3,0,1,1
BRDA:15,1,0,1
BRDA:15,1,1,1
BRDA:33,2,0,0
BRDA:33,2,1,0
BRDA:35,3,0,0
BRDA:35,3,1,0
BRDA:35,4,0,0
BRDA:35,4,1,0
BRDA:40,5,0,0
BRDA:40,5,1,0
BRDA:40,6,0,0
BRDA:40,6,1,0
BRDA:50,7,0,0
BRDA:50,7,1,0
BRDA:53,8,0,1
BRDA:53,8,1,1
BRF:18
BRH:6
end_of_record
TN:
SF:C:\Projects\react-advance\crwn-clothing\client\src\components\directory\directory.component.tsx
FN:15,(anonymous_3)
FN:19,(anonymous_4)
FNF:2
FNH:0
FNDA:0,(anonymous_3)
FNDA:0,(anonymous_4)
DA:1,1
DA:2,1
DA:3,1
DA:5,1
DA:7,1
DA:8,1
DA:15,1
DA:16,0
DA:20,0
DA:28,1
DA:32,1
LF:11
LH:9
BRF:0
BRH:0
end_of_record
TN:
SF:C:\Projects\react-advance\crwn-clothing\client\src\components\error-boundary\error-boundary.component.tsx
FN:3,(anonymous_7)
FN:9,ErrorBoundary
FN:16,(anonymous_9)
FN:20,(anonymous_10)
FN:25,(anonymous_11)
FNF:5
FNH:1
FNDA:1,(anonymous_7)
FNDA:0,ErrorBoundary
FNDA:0,(anonymous_9)
FNDA:0,(anonymous_10)
FNDA:0,(anonymous_11)
DA:1,1
DA:3,1
DA:10,0
DA:11,0
DA:16,1
DA:17,0
DA:20,1
DA:21,0
DA:22,0
DA:25,1
DA:26,0
DA:27,0
DA:30,0
DA:32,1
DA:34,1
LF:15
LH:7
BRDA:10,0,0,0
BRDA:10,0,1,0
BRDA:26,1,0,0
BRDA:26,1,1,0
BRF:4
BRH:0
end_of_record
TN:
SF:C:\Projects\react-advance\crwn-clothing\client\src\components\header\header.component.tsx
FN:17,(anonymous_1)
FN:21,(anonymous_2)
FN:62,(anonymous_3)
FNF:3
FNH:0
FNDA:0,(anonymous_1)
FNDA:0,(anonymous_2)
FNDA:0,(anonymous_3)
DA:1,1
DA:2,1
DA:3,1
DA:7,1
DA:8,1
DA:9,1
DA:10,1
DA:17,1
DA:18,0
DA:19,0
DA:21,0
DA:22,0
DA:23,0
DA:30,0
DA:37,0
DA:62,1
DA:63,0
DA:68,1
LF:18
LH:10
BRDA:22,0,0,0
BRDA:22,0,1,0
BRDA:22,1,0,0
BRDA:22,1,1,0
BRF:4
BRH:0
end_of_record
TN:
SF:C:\Projects\react-advance\crwn-clothing\client\src\components\header\header.styles.tsx
FNF:0
FNH:0
DA:1,1
DA:2,1
DA:4,1
DA:9,1
DA:17,1
DA:23,1
DA:31,1
DA:35,1
LF:8
LH:8
BRDA:4,0,0,1
BRDA:4,0,1,1
BRDA:9,1,0,1
BRDA:9,1,1,1
BRDA:17,2,0,1
BRDA:17,2,1,1
BRDA:23,3,0,1
BRDA:23,3,1,1
BRDA:31,4,0,1
BRDA:31,4,1,1
BRDA:35,5,0,1
BRDA:35,5,1,1
BRF:12
BRH:12
end_of_record
TN:
SF:C:\Projects\react-advance\crwn-clothing\client\src\components\menu-item\menu-item.component.tsx
FN:10,(anonymous_1)
FN:12,(anonymous_2)
FNF:2
FNH:0
FNDA:0,(anonymous_1)
FNDA:0,(anonymous_2)
DA:1,1
DA:2,1
DA:3,1
DA:10,1
DA:11,0
DA:12,0
DA:24,1
LF:7
LH:5
BRF:0
BRH:0
end_of_record
TN:
SF:C:\Projects\react-advance\crwn-clothing\client\src\components\spinner\spinner.component.tsx
FN:4,(anonymous_1)
FNF:1
FNH:0
FNDA:0,(anonymous_1)
DA:1,1
DA:2,1
DA:4,1
DA:5,0
DA:15,1
LF:5
LH:4
BRF:0
BRH:0
end_of_record
TN:
SF:C:\Projects\react-advance\crwn-clothing\client\src\pages\homepage\homepage.component.tsx
FN:6,(anonymous_1)
FNF:1
FNH:0
FNDA:0,(anonymous_1)
DA:1,1
DA:2,1
DA:3,1
DA:4,1
DA:6,1
DA:7,0
DA:14,1
LF:7
LH:6
BRF:0
BRH:0
end_of_record
TN:
SF:C:\Projects\react-advance\crwn-clothing\client\src\pages\homepage\homepage.styles.tsx
FNF:0
FNH:0
DA:1,1
DA:3,1
DA:9,1
LF:3
LH:3
BRDA:3,0,0,1
BRDA:3,0,1,1
BRF:2
BRH:2
end_of_record
TN:
SF:C:\Projects\react-advance\crwn-clothing\client\src\store\actions\actionTypes.ts
FNF:0
FNH:0
DA:1,1
DA:2,1
DA:3,1
DA:4,1
DA:5,1
DA:6,1
DA:7,1
DA:8,1
DA:9,1
DA:10,1
DA:11,1
DA:12,1
DA:13,1
DA:14,1
DA:15,1
DA:16,1
DA:17,1
DA:18,1
DA:19,1
DA:20,1
LF:20
LH:20
BRF:0
BRH:0
end_of_record
TN:
SF:C:\Projects\react-advance\crwn-clothing\client\src\store\reducers\carts\cartSelector.ts
FN:5,(anonymous_0)
FN:7,(anonymous_1)
FN:12,(anonymous_2)
FN:19,(anonymous_3)
FN:20,(anonymous_4)
FN:21,(anonymous_5)
FN:22,(anonymous_6)
FNF:7
FNH:0
FNDA:0,(anonymous_0)
FNDA:0,(anonymous_1)
FNDA:0,(anonymous_2)
FNDA:0,(anonymous_3)
FNDA:0,(anonymous_4)
FNDA:0,(anonymous_5)
FNDA:0,(anonymous_6)
DA:1,1
DA:5,1
DA:7,1
DA:8,0
DA:9,0
DA:10,0
DA:12,0
DA:13,0
DA:14,0
DA:15,0
DA:19,1
DA:20,1
DA:21,1
DA:22,0
LF:14
LH:6
BRDA:13,0,0,0
BRDA:13,0,1,0
BRDA:14,1,0,0
BRDA:14,1,1,0
BRF:4
BRH:0
end_of_record
TN:
SF:C:\Projects\react-advance\crwn-clothing\client\src\store\reducers\directory\directory.selector.ts
FN:5,(anonymous_0)
FN:6,(anonymous_1)
FNF:2
FNH:0
FNDA:0,(anonymous_0)
FNDA:0,(anonymous_1)
DA:1,1
DA:5,1
DA:6,1
LF:3
LH:3
BRF:0
BRH:0
end_of_record
TN:
SF:C:\Projects\react-advance\crwn-clothing\client\src\store\reducers\users\userSelector.ts
FN:4,(anonymous_0)
FN:5,(anonymous_1)
FN:6,(anonymous_2)
FNF:3
FNH:0
FNDA:0,(anonymous_0)
FNDA:0,(anonymous_1)
FNDA:0,(anonymous_2)
DA:1,1
DA:4,1
DA:5,1
DA:6,1
LF:4
LH:4
BRF:0
BRH:0
end_of_record
